<?xml version="1.0" encoding="UTF-8"?>
<!-- Generated by org.testng.reporters.JUnitXMLReporter -->
<testsuite ignored="0" hostname="DESKTOP-FUOBAD1" failures="0" tests="6" name="TestRunner1" time="0.115" errors="0" timestamp="2021-09-10T17:15:10 IST">
  <testcase classname="com.sampleproject.testyantra.packagefordistributedExec.ClassForDitributedParallelExecTest" name="CreateProd" time="0.027"/>
  <testcase classname="com.sampleproject.testyantra.packagefordistributedExec.ClassForDitributedParallelExecTest" name="CreateProdWithCommRate" time="0.003"/>
  <testcase classname="com.sampleproject.testyantra.packagefordistributedExec.ClassForDitributedParallelExecTest" name="CreateProdWithPartNum" time="0.004"/>
  <testcase classname="com.sampleproject.testyantra.packagefordistributedExec.ClassForDitributedParallelExecTest3" name="CreateProd" time="0.004"/>
  <testcase classname="com.sampleproject.testyantra.packagefordistributedExec.ClassForDitributedParallelExecTest3" name="CreateProdWithCommRate" time="0.003"/>
  <testcase classname="com.sampleproject.testyantra.packagefordistributedExec.ClassForDitributedParallelExecTest3" name="CreateProdWithPartNum" time="0.002"/>
</testsuite> <!-- TestRunner1 -->
