<?xml version="1.0" encoding="UTF-8"?>
<!-- Generated by org.testng.reporters.JUnitXMLReporter -->
<testsuite ignored="0" hostname="DESKTOP-FUOBAD1" failures="0" tests="6" name="Default test" time="0.109" errors="0" timestamp="2021-09-10T22:56:34 IST">
  <testcase classname="com.sampleproject.testyantra.sampleTestcases.Sample1Test" name="Program2Test" time="0.011"/>
  <testcase classname="com.sampleproject.testyantra.sampleTestcases.Sample1Test" name="Program3Test" time="0.003"/>
  <testcase classname="com.sampleproject.testyantra.sampleTestcases.Sample1Test" name="Program5Test" time="0.005"/>
  <testcase classname="com.sampleproject.testyantra.sampleTestcases.Sample1Test" name="Program6Test" time="0.003"/>
  <testcase classname="com.sampleproject.testyantra.sampleTestcases.Sample1Test" name="Srogram4Test" time="0.002"/>
  <testcase classname="com.sampleproject.testyantra.sampleTestcases.Sample1Test" name="Program1Test" time="0.003"/>
</testsuite> <!-- Default test -->
