<?xml version="1.0" encoding="UTF-8"?>
<testng-results ignored="0" total="6" passed="6" failed="0" skipped="0">
  <reporter-output>
  </reporter-output>
  <suite started-at="2021-09-10T22:56:33 IST" name="Default suite" finished-at="2021-09-10T22:56:33 IST" duration-ms="109">
    <groups>
    </groups>
    <test started-at="2021-09-10T22:56:33 IST" name="Default test" finished-at="2021-09-10T22:56:33 IST" duration-ms="109">
      <class name="com.sampleproject.testyantra.sampleTestcases.Sample1Test">
        <test-method signature="Program2Test()[pri:-4, instance:com.sampleproject.testyantra.sampleTestcases.Sample1Test@793be5ca]" started-at="2021-09-10T22:56:33 IST" name="Program2Test" finished-at="2021-09-10T22:56:33 IST" duration-ms="11" status="PASS">
          <reporter-output>
          </reporter-output>
        </test-method> <!-- Program2Test -->
        <test-method signature="Program3Test()[pri:-1, instance:com.sampleproject.testyantra.sampleTestcases.Sample1Test@793be5ca]" started-at="2021-09-10T22:56:33 IST" name="Program3Test" finished-at="2021-09-10T22:56:33 IST" duration-ms="3" status="PASS">
          <reporter-output>
          </reporter-output>
        </test-method> <!-- Program3Test -->
        <test-method signature="Program5Test()[pri:0, instance:com.sampleproject.testyantra.sampleTestcases.Sample1Test@793be5ca]" started-at="2021-09-10T22:56:33 IST" name="Program5Test" finished-at="2021-09-10T22:56:33 IST" duration-ms="5" status="PASS">
          <reporter-output>
          </reporter-output>
        </test-method> <!-- Program5Test -->
        <test-method signature="Program6Test()[pri:1, instance:com.sampleproject.testyantra.sampleTestcases.Sample1Test@793be5ca]" started-at="2021-09-10T22:56:33 IST" name="Program6Test" finished-at="2021-09-10T22:56:33 IST" duration-ms="3" status="PASS">
          <reporter-output>
          </reporter-output>
        </test-method> <!-- Program6Test -->
        <test-method signature="Srogram4Test()[pri:1, instance:com.sampleproject.testyantra.sampleTestcases.Sample1Test@793be5ca]" started-at="2021-09-10T22:56:33 IST" name="Srogram4Test" finished-at="2021-09-10T22:56:33 IST" duration-ms="2" status="PASS">
          <reporter-output>
          </reporter-output>
        </test-method> <!-- Srogram4Test -->
        <test-method signature="Program1Test()[pri:3, instance:com.sampleproject.testyantra.sampleTestcases.Sample1Test@793be5ca]" started-at="2021-09-10T22:56:33 IST" name="Program1Test" finished-at="2021-09-10T22:56:33 IST" depends-on-methods="com.sampleproject.testyantra.sampleTestcases.Sample1Test.Program5Test" duration-ms="3" status="PASS">
          <reporter-output>
          </reporter-output>
        </test-method> <!-- Program1Test -->
      </class> <!-- com.sampleproject.testyantra.sampleTestcases.Sample1Test -->
    </test> <!-- Default test -->
  </suite> <!-- Default suite -->
</testng-results>
